2025-05-15 09:08:51,162 - INFO - Anonymized telemetry enabled. See                     https://docs.trychroma.com/telemetry for more information.
2025-05-15 09:08:51,343 - INFO - Use pytorch device_name: cpu
2025-05-15 09:08:51,344 - INFO - Load pretrained SentenceTransformer: all-MiniLM-L6-v2
2025-05-15 09:08:54,142 - INFO - QAProcessor initialized successfully
2025-05-15 09:08:54,143 - INFO - Starting FAQ enhancement process...
2025-05-15 09:08:54,426 - INFO - Successfully read FAQ file: docs\qa_pairs.xlsx
2025-05-15 09:08:57,188 - INFO - Successfully enhanced Q&A pair: 비밀번호 잃어버리면 어떻게 하나?
2025-05-15 09:08:57,193 - INFO - Processed 1/4 QA pairs
2025-05-15 09:08:59,652 - INFO - Successfully enhanced Q&A pair: 노무비명세서의 연장수당은 어떤 조건에 발생해?
2025-05-15 09:08:59,653 - INFO - Processed 2/4 QA pairs
2025-05-15 09:09:02,689 - INFO - Successfully enhanced Q&A pair: 주휴수당은 어떤 조건에 발생?
2025-05-15 09:09:02,690 - INFO - Processed 3/4 QA pairs
2025-05-15 09:09:05,839 - INFO - Successfully enhanced Q&A pair: 휴일수당은 언제 발생해?
2025-05-15 09:09:05,841 - INFO - Processed 4/4 QA pairs
2025-05-15 09:09:05,976 - INFO - Successfully saved enhanced FAQ to: docs\enhanced_qa_pairs.xlsx
2025-05-15 09:09:05,977 - INFO - Starting embedding process...
2025-05-15 09:09:07,851 - INFO - Successfully embedded 39 items in the vector database
2025-05-15 09:09:07,852 - INFO - Process completed successfully!
2025-05-15 09:27:01,760 - INFO - Anonymized telemetry enabled. See                     https://docs.trychroma.com/telemetry for more information.
2025-05-15 09:27:01,992 - INFO - Use pytorch device_name: cpu
2025-05-15 09:27:01,993 - INFO - Load pretrained SentenceTransformer: all-MiniLM-L6-v2
2025-05-15 09:27:05,328 - INFO - QAProcessor initialized successfully
2025-05-15 09:27:05,329 - INFO - Starting FAQ enhancement process...
2025-05-15 09:27:06,278 - INFO - Successfully read FAQ file: C:\Users\BIS02\Documents\construction-chatbot\docs\qa_pairs.xlsx
2025-05-15 09:27:10,035 - INFO - Successfully enhanced Q&A pair: 비밀번호 잃어버리면 어떻게 하나?
2025-05-15 09:27:10,035 - INFO - Processed 1/4 QA pairs
2025-05-15 09:27:12,702 - INFO - Successfully enhanced Q&A pair: 노무비명세서의 연장수당은 어떤 조건에 발생해?
2025-05-15 09:27:12,703 - INFO - Processed 2/4 QA pairs
2025-05-15 09:27:15,665 - INFO - Successfully enhanced Q&A pair: 주휴수당은 어떤 조건에 발생?
2025-05-15 09:27:15,665 - INFO - Processed 3/4 QA pairs
2025-05-15 09:27:18,806 - INFO - Successfully enhanced Q&A pair: 휴일수당은 언제 발생해?
2025-05-15 09:27:18,807 - INFO - Processed 4/4 QA pairs
2025-05-15 09:27:19,390 - INFO - Successfully saved enhanced FAQ to: C:\Users\BIS02\Documents\construction-chatbot\docs\enhanced_qa_pairs.xlsx
2025-05-15 09:27:19,391 - INFO - Starting embedding process...
2025-05-15 09:27:21,324 - INFO - Successfully embedded 36 items in the vector database
2025-05-15 09:27:21,325 - INFO - Process completed successfully!
2025-05-15 09:30:28,625 - INFO - Anonymized telemetry enabled. See                     https://docs.trychroma.com/telemetry for more information.
2025-05-15 09:30:28,819 - INFO - Use pytorch device_name: cpu
2025-05-15 09:30:28,819 - INFO - Load pretrained SentenceTransformer: all-MiniLM-L6-v2
2025-05-15 09:30:31,970 - INFO - QAProcessor initialized successfully
2025-05-15 09:30:31,970 - INFO - Starting FAQ enhancement process...
2025-05-15 09:30:32,315 - INFO - Successfully read FAQ file: C:\Users\BIS02\Documents\construction-chatbot\docs\qa_pairs.xlsx
2025-05-15 09:30:34,819 - INFO - Successfully enhanced Q&A pair: 비밀번호 잃어버리면 어떻게 하나?
2025-05-15 09:30:34,819 - INFO - Processed 1/4 QA pairs
2025-05-15 09:30:37,516 - INFO - Successfully enhanced Q&A pair: 노무비명세서의 연장수당은 어떤 조건에 발생해?
2025-05-15 09:30:37,517 - INFO - Processed 2/4 QA pairs
2025-05-15 09:30:40,515 - INFO - Successfully enhanced Q&A pair: 주휴수당은 어떤 조건에 발생?
2025-05-15 09:30:40,517 - INFO - Processed 3/4 QA pairs
2025-05-15 09:30:43,740 - INFO - Successfully enhanced Q&A pair: 휴일수당은 언제 발생해?
2025-05-15 09:30:43,742 - INFO - Processed 4/4 QA pairs
2025-05-15 09:30:43,898 - INFO - Successfully saved enhanced FAQ to: C:\Users\BIS02\Documents\construction-chatbot\docs\enhanced_qa_pairs.xlsx
2025-05-15 09:30:43,899 - INFO - Starting embedding process...
2025-05-15 09:30:45,369 - INFO - Successfully embedded 38 items in the vector database
2025-05-15 09:30:45,370 - INFO - Process completed successfully!
2025-05-15 09:35:25,885 - INFO - Anonymized telemetry enabled. See                     https://docs.trychroma.com/telemetry for more information.
2025-05-15 09:35:26,102 - INFO - Use pytorch device_name: cpu
2025-05-15 09:35:26,102 - INFO - Load pretrained SentenceTransformer: all-MiniLM-L6-v2
2025-05-15 09:35:29,145 - INFO - QAProcessor initialized successfully
2025-05-15 09:35:29,146 - INFO - Starting FAQ enhancement process...
2025-05-15 09:35:29,500 - INFO - Successfully read FAQ file: C:\Users\BIS02\Documents\construction-chatbot\docs\qa_pairs.xlsx
2025-05-15 09:35:32,937 - INFO - Successfully enhanced Q&A pair: 비밀번호 잃어버리면 어떻게 하나?
2025-05-15 09:35:32,937 - INFO - Processed 1/4 QA pairs
2025-05-15 09:35:36,179 - INFO - Successfully enhanced Q&A pair: 노무비명세서의 연장수당은 어떤 조건에 발생해?
2025-05-15 09:35:36,180 - INFO - Processed 2/4 QA pairs
2025-05-15 09:35:39,764 - INFO - Successfully enhanced Q&A pair: 주휴수당은 어떤 조건에 발생?
2025-05-15 09:35:39,765 - INFO - Processed 3/4 QA pairs
2025-05-15 09:35:42,863 - INFO - Successfully enhanced Q&A pair: 휴일수당은 언제 발생해?
2025-05-15 09:35:42,865 - INFO - Processed 4/4 QA pairs
2025-05-15 09:35:43,067 - INFO - Successfully saved enhanced FAQ to: C:\Users\BIS02\Documents\construction-chatbot\docs\enhanced_qa_pairs.xlsx
2025-05-15 09:35:43,068 - INFO - Starting embedding process...
2025-05-15 09:35:46,081 - INFO - Successfully embedded 44 items in the vector database
2025-05-15 09:35:46,082 - INFO - Process completed successfully!
2025-05-15 09:39:35,930 - INFO - Anonymized telemetry enabled. See                     https://docs.trychroma.com/telemetry for more information.
2025-05-15 09:39:36,120 - INFO - Use pytorch device_name: cpu
2025-05-15 09:39:36,120 - INFO - Load pretrained SentenceTransformer: all-MiniLM-L6-v2
2025-05-15 09:39:39,189 - INFO - QAProcessor initialized successfully
2025-05-15 09:39:39,189 - INFO - Starting FAQ enhancement process...
2025-05-15 09:39:39,488 - INFO - Successfully read FAQ file: C:\Users\BIS02\Documents\construction-chatbot\docs\qa_pairs.xlsx
2025-05-15 09:39:42,649 - INFO - Successfully enhanced Q&A pair: 비밀번호 잃어버리면 어떻게 하나?
2025-05-15 09:39:42,650 - INFO - Successfully processed Q&A pair 1: 비밀번호 잃어버리면 어떻게 하나?
2025-05-15 09:39:42,650 - INFO - Processed 1/4 QA pairs
2025-05-15 09:39:45,451 - INFO - Successfully enhanced Q&A pair: 노무비명세서의 연장수당은 어떤 조건에 발생해?
2025-05-15 09:39:45,451 - INFO - Successfully processed Q&A pair 2: 노무비명세서의 연장수당은 어떤 조건에 발생해?
2025-05-15 09:39:45,452 - INFO - Processed 2/4 QA pairs
2025-05-15 09:39:48,413 - INFO - Successfully enhanced Q&A pair: 주휴수당은 어떤 조건에 발생?
2025-05-15 09:39:48,414 - INFO - Successfully processed Q&A pair 3: 주휴수당은 어떤 조건에 발생?
2025-05-15 09:39:48,415 - INFO - Processed 3/4 QA pairs
2025-05-15 09:39:51,784 - INFO - Successfully enhanced Q&A pair: 휴일수당은 언제 발생해?
2025-05-15 09:39:51,786 - INFO - Successfully processed Q&A pair 4: 휴일수당은 언제 발생해?
2025-05-15 09:39:51,793 - INFO - Processed 4/4 QA pairs
2025-05-15 09:39:52,031 - INFO - Successfully saved enhanced FAQ to: C:\Users\BIS02\Documents\construction-chatbot\docs\enhanced_qa_pairs.xlsx
2025-05-15 09:39:52,032 - INFO - Starting embedding process...
2025-05-15 09:39:52,033 - INFO - Recreating collection...
2025-05-15 09:39:52,151 - INFO - Processing FAQ item 1:
2025-05-15 09:39:52,151 - INFO - Original question: 비밀번호 잃어버리면 어떻게 하나?
2025-05-15 09:39:52,152 - INFO - Variations: ['비번 까먹었어요, 어쩌죠?', '비밀번호를 분실하였을 경우 어떻게 해야 하나요?', '비밀번호를 잊어버렸습니다.', '로그인 비밀번호를 잊어버렸는데, 다시 찾는 방법을 알려주세요.  계정을 복구하는 절차가 궁금합니다.', '혹시 비밀번호를 잊어버렸을 때, 계정에 다시 접속할 수 있는 방법이 있을까요?']
2025-05-15 09:39:52,153 - INFO - Processing FAQ item 2:
2025-05-15 09:39:52,154 - INFO - Original question: 노무비명세서의 연장수당은 어떤 조건에 발생해?
2025-05-15 09:39:52,155 - INFO - Variations: ['노무비명세서에 연장수당 붙는 거 언제임?', '노무비명세서에서 연장근무 수당은 어떤 경우에 발생하는가?', '연장수당은 언제 나와?', '노무비명세서의 연장수당 발생 조건을 자세히 설명해주세요.', '근무시간이 얼마나 넘어야 연장수당이 지급될까요?']
2025-05-15 09:39:52,160 - INFO - Processing FAQ item 3:
2025-05-15 09:39:52,160 - INFO - Original question: 주휴수당은 어떤 조건에 발생?
2025-05-15 09:39:52,160 - INFO - Variations: ['주휴수당 받으려면 뭘 다 채워야 해?', '주휴수당 지급 조건은 무엇입니까?', '주휴수당 언제 받아?', '주휴수당 발생 조건에 대해 자세히 설명해주세요.', '주휴수당을 받기 위한 근무일수 및 계약 조건은 어떻게 되나요?']
2025-05-15 09:39:52,161 - INFO - Processing FAQ item 4:
2025-05-15 09:39:52,162 - INFO - Original question: 휴일수당은 언제 발생해?
2025-05-15 09:39:52,162 - INFO - Variations: ['휴일 일했으면 돈 더 받아?', '휴일근무 수당은 어떻게 계산되나요?', '휴일 수당 언제 나와?', '휴일 근무 시 수당 지급 기준은 무엇인가요?', '휴일 근무에 대한 추가 수당은 어떤 경우에 적용될까요?']
2025-05-15 09:39:52,163 - INFO - Created 48 items for embedding
2025-05-15 09:39:52,164 - INFO - Generating embeddings...
2025-05-15 09:39:54,192 - INFO - Adding data to ChromaDB...
2025-05-15 09:39:54,493 - INFO - Successfully embedded 48 items in the vector database
2025-05-15 09:39:55,480 - INFO - Vector DB test query result: {'ids': [['a_2_2']], 'embeddings': None, 'documents': [['예시: 월~금까지 근무하는 근로자의 계약이 월~일까지 체결되어 있을 경우 주휴수당 발생.']], 'uris': None, 'included': ['metadatas', 'documents', 'distances'], 'data': None, 'metadatas': [[{'original_question': '주휴수당은 어떤 조건에 발생?', 'structured_answer': '{"basic_rules": ["계약서 상 소정근로일을 모두 근무해야 함.", "해당 주의 모든 일수에 대한 계약이 체결되어 있어야 함."], "examples": ["월~금까지 근무하는 근로자의 계약이 월~일까지 체결되어 있을 경우 주휴수당 발생.", "월~금까지 근무하는 근로자의 계약이 월~금까지만 체결되어 있을 경우 주휴수당 미발생."], "cautions": ["소정근로일이 5일인데 5일만 근무하고 계약이 5일까지만 된 경우 주휴수당 미발생.", "계약 기간과 실제 근무일수를 모두 확인해야 주휴수당 발생 여부를 정확히 판단할 수 있음."]}', 'type': 'answer_part', 'keywords': '["주휴수당", "소정근로일", "개근", "계약", "근무일수"]'}]], 'distances': [[0.8786667585372925]]}
2025-05-15 09:39:55,482 - INFO - Process completed successfully!
2025-05-15 10:38:41,766 - INFO - Anonymized telemetry enabled. See                     https://docs.trychroma.com/telemetry for more information.
2025-05-15 10:38:42,881 - INFO - Use pytorch device_name: cpu
2025-05-15 10:38:42,882 - INFO - Load pretrained SentenceTransformer: all-MiniLM-L6-v2
2025-05-15 10:38:49,808 - INFO - QAProcessor initialized successfully
2025-05-15 10:38:49,808 - INFO - Starting FAQ enhancement process...
2025-05-15 10:38:52,017 - INFO - Successfully read FAQ file: C:\Users\BIS02\Documents\construction-chatbot\docs\qa_pairs.xlsx
2025-05-15 10:38:54,553 - INFO - Successfully enhanced Q&A pair: 비밀번호 잃어버리면 어떻게 하나?
2025-05-15 10:38:54,555 - INFO - Successfully processed Q&A pair 1: 비밀번호 잃어버리면 어떻게 하나?
2025-05-15 10:38:54,555 - INFO - Processed 1/4 QA pairs
2025-05-15 10:38:56,985 - INFO - Successfully enhanced Q&A pair: 노무비명세서의 연장수당은 어떤 조건에 발생해?
2025-05-15 10:38:56,989 - INFO - Successfully processed Q&A pair 2: 노무비명세서의 연장수당은 어떤 조건에 발생해?
2025-05-15 10:38:56,991 - INFO - Processed 2/4 QA pairs
2025-05-15 10:38:59,923 - INFO - Successfully enhanced Q&A pair: 주휴수당은 어떤 조건에 발생?
2025-05-15 10:38:59,925 - INFO - Successfully processed Q&A pair 3: 주휴수당은 어떤 조건에 발생?
2025-05-15 10:38:59,930 - INFO - Processed 3/4 QA pairs
2025-05-15 10:39:02,038 - INFO - Successfully enhanced Q&A pair: 휴일수당은 언제 발생해?
2025-05-15 10:39:02,039 - INFO - Successfully processed Q&A pair 4: 휴일수당은 언제 발생해?
2025-05-15 10:39:02,040 - INFO - Processed 4/4 QA pairs
2025-05-15 10:39:02,647 - INFO - Successfully saved enhanced FAQ to: C:\Users\BIS02\Documents\construction-chatbot\docs\enhanced_qa_pairs.xlsx
2025-05-15 10:39:02,690 - INFO - Starting embedding process...
2025-05-15 10:39:02,692 - INFO - Recreating collection...
2025-05-15 10:39:03,030 - INFO - Processing FAQ item 1:
2025-05-15 10:39:03,031 - INFO - Original question: 비밀번호 잃어버리면 어떻게 하나?
2025-05-15 10:39:03,031 - INFO - Variations: ['비번 까먹었는데 어쩌지?', '비밀번호를 분실했을 경우 어떻게 해야 하나요?', '로그인 비밀번호를 잊어버렸습니다.', '비밀번호를 잊어버렸을 때 재설정하는 방법을 알려주세요. 자세한 절차를 설명해주시면 감사하겠습니다.', '계정 접속이 안 되는데, 비밀번호 문제일까요? 해결 방법이 있나요?']
2025-05-15 10:39:03,037 - INFO - Processing FAQ item 2:
2025-05-15 10:39:03,037 - INFO - Original question: 노무비명세서의 연장수당은 어떤 조건에 발생해?
2025-05-15 10:39:03,038 - INFO - Variations: ['연장수당은 언제 붙어?', '노무비명세서에 연장근무 수당이 포함되는 조건은 무엇입니까?', '연장수당 언제 받아?', '노무비 명세서의 연장 수당 발생 조건에 대해 자세히 설명해주세요.', '어떤 경우에 연장 근무에 대한 추가 수당이 지급됩니까?']
2025-05-15 10:39:03,040 - INFO - Processing FAQ item 3:
2025-05-15 10:39:03,041 - INFO - Original question: 주휴수당은 어떤 조건에 발생?
2025-05-15 10:39:03,042 - INFO - Variations: ['주휴수당 받으려면 뭘 다 채워야 해?', '주휴수당 지급 조건에 대해 자세히 설명해주세요.', '주휴수당 언제 받아요?', '주휴수당 발생 조건은 무엇이며, 어떤 경우에 지급되지 않습니까?', '근로자가 주휴수당을 받기 위한 요건은 무엇인가요?']
2025-05-15 10:39:03,044 - INFO - Processing FAQ item 4:
2025-05-15 10:39:03,045 - INFO - Original question: 휴일수당은 언제 발생해?
2025-05-15 10:39:03,045 - INFO - Variations: ['휴일 근무하면 수당 얼마 받아?', '휴일근무 수당은 어떻게 계산되나요?', '휴일 수당 언제 나와?', '휴일 수당 지급 기준은 무엇인가요?', '공휴일에 일하면 추가 수당이 있나요?']
2025-05-15 10:39:03,047 - INFO - Created 32 items for embedding
2025-05-15 10:39:03,048 - INFO - Generating embeddings...
2025-05-15 10:39:09,253 - INFO - Adding data to ChromaDB...
2025-05-15 10:39:09,975 - INFO - Successfully embedded 32 items in the vector database
2025-05-15 10:39:13,089 - INFO - Vector DB test query result: {'ids': [['q_2_2']], 'embeddings': None, 'documents': [['주휴수당 언제 받아요?']], 'uris': None, 'included': ['metadatas', 'documents', 'distances'], 'data': None, 'metadatas': [[{'keywords': '["주휴수당", "소정근로일", "개근", "계약", "일주일"]', 'type': 'question_variation', 'structured_answer': '{"basic_rules": ["계약서상 소정근로일을 모두 근무해야 하며, 해당 주 전체에 대한 계약이 체결되어 있어야 주휴수당이 발생합니다.  소정근로일이 월~금인 경우 월요일부터 금요일까지 근무하고 월요일부터 일요일까지의 계약이 체결되어야 주휴수당이 지급됩니다."], "examples": ["월~금까지 근무한 두 명의 근로자 A와 B가 있다고 가정합니다. A는 월~금 5일 계약, B는 월~일 7일 계약입니다. A는 주휴수당이 발생하지 않고, B는 주휴수당이 발생합니다."], "cautions": []}', 'original_question': '주휴수당은 어떤 조건에 발생?'}]], 'distances': [[0.983156681060791]]}
2025-05-15 10:39:13,105 - INFO - Process completed successfully!
2025-05-15 10:45:01,947 - INFO - Anonymized telemetry enabled. See                     https://docs.trychroma.com/telemetry for more information.
2025-05-15 10:45:02,174 - INFO - Use pytorch device_name: cpu
2025-05-15 10:45:02,174 - INFO - Load pretrained SentenceTransformer: all-MiniLM-L6-v2
2025-05-15 10:45:06,411 - INFO - QAProcessor initialized successfully
2025-05-15 10:45:06,413 - INFO - Starting FAQ enhancement process...
2025-05-15 10:45:06,998 - INFO - Successfully read FAQ file: C:\Users\BIS02\Documents\construction-chatbot\docs\qa_pairs.xlsx
2025-05-15 10:45:10,686 - INFO - Successfully enhanced Q&A pair: 비밀번호 잃어버리면 어떻게 하나?
2025-05-15 10:45:10,686 - INFO - Successfully processed Q&A pair 1: 비밀번호 잃어버리면 어떻게 하나?
2025-05-15 10:45:10,687 - INFO - Processed 1/4 QA pairs
2025-05-15 10:45:14,321 - INFO - Successfully enhanced Q&A pair: 노무비명세서의 연장수당은 어떤 조건에 발생해?
2025-05-15 10:45:14,321 - INFO - Successfully processed Q&A pair 2: 노무비명세서의 연장수당은 어떤 조건에 발생해?
2025-05-15 10:45:14,327 - INFO - Processed 2/4 QA pairs
2025-05-15 10:45:19,575 - INFO - Successfully enhanced Q&A pair: 주휴수당은 어떤 조건에 발생?
2025-05-15 10:45:19,577 - INFO - Successfully processed Q&A pair 3: 주휴수당은 어떤 조건에 발생?
2025-05-15 10:45:19,578 - INFO - Processed 3/4 QA pairs
2025-05-15 10:45:23,333 - INFO - Successfully enhanced Q&A pair: 휴일수당은 언제 발생해?
2025-05-15 10:45:23,335 - INFO - Successfully processed Q&A pair 4: 휴일수당은 언제 발생해?
2025-05-15 10:45:23,335 - INFO - Processed 4/4 QA pairs
2025-05-15 10:45:23,685 - INFO - Successfully saved enhanced FAQ to: C:\Users\BIS02\Documents\construction-chatbot\docs\enhanced_qa_pairs.xlsx
2025-05-15 10:45:23,687 - INFO - Starting embedding process...
2025-05-15 10:45:23,690 - INFO - Recreating collection...
2025-05-15 10:45:23,815 - INFO - Processing FAQ item 1:
2025-05-15 10:45:23,815 - INFO - Original question: 비밀번호 잃어버리면 어떻게 하나?
2025-05-15 10:45:23,816 - INFO - Variations: ['비밀번호 까먹었어요 어떻게 해야되죠?', '비밀번호를 분실하였습니다. 어떻게 재설정할 수 있습니까?', '내 비밀번호 잊어버렸어.', '로그인 비밀번호를 잊어버린 경우, 비밀번호를 재설정하는 방법을 알려주세요.', '계정에 접속할 수 없습니다. 비밀번호를 찾는 방법을 알려주세요.']
2025-05-15 10:45:23,817 - INFO - Processing FAQ item 2:
2025-05-15 10:45:23,818 - INFO - Original question: 노무비명세서의 연장수당은 어떤 조건에 발생해?
2025-05-15 10:45:23,818 - INFO - Variations: ['야근 수당은 언제 붙어?', '연장근무 수당은 어떤 경우에 지급되나요?', '연장수당 언제 받아?', '노무비 명세서에서 연장근무 수당이 발생하는 조건을 자세히 설명해주세요.', '주간 및 일일 근무시간을 초과했을 때 수당이 발생하는 기준은 무엇인가요?']
2025-05-15 10:45:23,819 - INFO - Processing FAQ item 3:
2025-05-15 10:45:23,820 - INFO - Original question: 주휴수당은 어떤 조건에 발생?
2025-05-15 10:45:23,822 - INFO - Variations: ['주휴수당 받으려면 뭐가 필요해?', '주휴수당 지급 조건은 무엇입니까?', '주휴수당 언제 받아?', '주휴수당 발생 조건에 대해 자세히 설명해주세요.', '주휴수당을 받기 위한 근무일수 및 계약 조건은 어떻게 되나요?']
2025-05-15 10:45:23,825 - INFO - Processing FAQ item 4:
2025-05-15 10:45:23,826 - INFO - Original question: 휴일수당은 언제 발생해?
2025-05-15 10:45:23,826 - INFO - Variations: ['휴일 근무하면 수당 얼마 받아?', '휴일근무 수당은 어떻게 계산되나요?', '휴일 수당 언제 나와?', '휴일 근무 시 수당 지급 기준이 무엇인가요?', '어떤 경우에 휴일 수당을 받을 수 있나요?']
2025-05-15 10:45:23,828 - INFO - Created 50 items for embedding
2025-05-15 10:45:23,829 - INFO - Generating embeddings...
2025-05-15 10:45:28,313 - INFO - Adding data to ChromaDB...
2025-05-15 10:45:28,682 - INFO - Successfully embedded 50 items in the vector database
2025-05-15 10:45:29,884 - INFO - Vector DB test query result: {'ids': [['q_2_0']], 'embeddings': None, 'documents': [['주휴수당 받으려면 뭐가 필요해?']], 'uris': None, 'included': ['metadatas', 'documents', 'distances'], 'data': None, 'metadatas': [[{'keywords': '["주휴수당", "소정근로일", "계약기간", "개근", "일주일"]', 'original_question': '주휴수당은 어떤 조건에 발생?', 'type': 'question_variation', 'structured_answer': '{"basic_rules": ["계약서 상 소정근로일을 모두 근무해야 함.", "해당 주의 일주일간의 계약이 모두 존재해야 함."], "examples": [{"scenario": "A씨: 월~금(5일) 계약, 월~금 근무", "result": "주휴수당 미지급 (계약기간이 5일이므로 주 7일 계약 조건 미충족)", "explanation": "소정근로일인 월~금을 모두 근무했지만, 계약 기간이 주 7일이 아니므로 주휴수당이 발생하지 않습니다."}, {"scenario": "B씨: 월~일(7일) 계약, 월~금 근무", "result": "주휴수당 지급 (계약기간이 7일이고 소정근로일인 월~금 근무)", "explanation": "소정근로일인 월~금을 모두 근무했고, 계약 기간이 주 7일이므로 주휴수당이 발생합니다.  토, 일요일 근무 여부는 주휴수당 지급 여부에 영향을 미치지 않습니다."}, {"scenario": "C씨: 월~금(5일) 계약, 월~토 근무(토요일 특별근무)", "result": "주휴수당 미지급 (계약기간이 5일이므로 주 7일 계약 조건 미충족)", "explanation": "토요일 특별근무를 했더라도, 기본 계약기간이 5일이기 때문에 주휴수당 지급 조건을 충족하지 못합니다."}], "cautions": ["소정근로일과 계약 기간 모두를 확인해야 주휴수당 지급 여부를 정확히 판단할 수 있습니다.", "계약서에 명시된 내용을 기준으로 판단해야 합니다.  구두 약속이나 관행은 법적 효력이 없습니다.", "주휴수당 지급 기준은 사업장마다 다를 수 있으므로, 해당 사업장의 규정을 확인해야 합니다."]}'}]], 'distances': [[0.783452033996582]]}
2025-05-15 10:45:29,890 - INFO - Process completed successfully!
